Build started 19/07/2014 10:08:52 PM.
     1>Project "D:\Users\dragonpaulz\documents\Cpp_practice_2013\cpp_practice\cpp_practice\cpp_practice.vcxproj" on node 2 (Build target(s)).
     1>ClCompile:
         C:\Program Files (x86)\Microsoft Visual Studio 12.0\VC\bin\CL.exe /c /ZI /nologo /W3 /WX- /Od /Oy- /D WIN32 /D _DEBUG /D _CONSOLE /D _UNICODE /D UNICODE /Gm /EHsc /RTC1 /MDd /GS /fp:precise /Zc:wchar_t /Zc:forScope /Yc"stdafx.h" /Fp"Debug\cpp_practice.pch" /Fo"Debug\\" /Fd"Debug\vc120.pdb" /Gd /TP /analyze- /errorReport:prompt stdafx.cpp
         stdafx.cpp
         C:\Program Files (x86)\Microsoft Visual Studio 12.0\VC\bin\CL.exe /c /ZI /nologo /W3 /WX- /Od /Oy- /D WIN32 /D _DEBUG /D _CONSOLE /D _UNICODE /D UNICODE /Gm /EHsc /RTC1 /MDd /GS /fp:precise /Zc:wchar_t /Zc:forScope /Fo"Debug\\" /Fd"Debug\vc120.pdb" /Gd /TP /analyze- /errorReport:prompt array.cpp cpp_practice.cpp Graph.cpp LinkedList.cpp Node.cpp StacksQueues.cpp Tree.cpp
         Tree.cpp
     1>d:\users\dragonpaulz\documents\cpp_practice_2013\cpp_practice\cpp_practice\tree.cpp(35): error C2676: binary '==' : 'TreeNode' does not define this operator or a conversion to a type acceptable to the predefined operator
     1>d:\users\dragonpaulz\documents\cpp_practice_2013\cpp_practice\cpp_practice\tree.cpp(36): error C2065: 'root' : undeclared identifier
     1>d:\users\dragonpaulz\documents\cpp_practice_2013\cpp_practice\cpp_practice\tree.cpp(36): error C2227: left of '->left' must point to class/struct/union/generic type
                 type is 'unknown-type'
     1>d:\users\dragonpaulz\documents\cpp_practice_2013\cpp_practice\cpp_practice\tree.cpp(36): error C2227: left of '->right' must point to class/struct/union/generic type
                 type is 'unknown-type'
     1>d:\users\dragonpaulz\documents\cpp_practice_2013\cpp_practice\cpp_practice\tree.cpp(41): error C2143: syntax error : missing ')' before '<'
     1>d:\users\dragonpaulz\documents\cpp_practice_2013\cpp_practice\cpp_practice\tree.cpp(41): error C2143: syntax error : missing ';' before '<'
     1>d:\users\dragonpaulz\documents\cpp_practice_2013\cpp_practice\cpp_practice\tree.cpp(41): error C2988: unrecognizable template declaration/definition
     1>d:\users\dragonpaulz\documents\cpp_practice_2013\cpp_practice\cpp_practice\tree.cpp(41): error C2059: syntax error : '<'
     1>d:\users\dragonpaulz\documents\cpp_practice_2013\cpp_practice\cpp_practice\tree.cpp(41): error C2059: syntax error : ')'
         StacksQueues.cpp
         Node.cpp
         LinkedList.cpp
         Graph.cpp
         cpp_practice.cpp
     1>d:\users\dragonpaulz\documents\cpp_practice_2013\cpp_practice\cpp_practice\cpp_practice.cpp(108): error C2143: syntax error : missing ';' before '<'
     1>d:\users\dragonpaulz\documents\cpp_practice_2013\cpp_practice\cpp_practice\cpp_practice.cpp(109): error C2065: 'paulTree' : undeclared identifier
     1>d:\users\dragonpaulz\documents\cpp_practice_2013\cpp_practice\cpp_practice\cpp_practice.cpp(109): error C2227: left of '->addValue' must point to class/struct/union/generic type
                 type is 'unknown-type'
     1>d:\users\dragonpaulz\documents\cpp_practice_2013\cpp_practice\cpp_practice\cpp_practice.cpp(110): error C2065: 'paulTree' : undeclared identifier
     1>d:\users\dragonpaulz\documents\cpp_practice_2013\cpp_practice\cpp_practice\cpp_practice.cpp(110): error C2227: left of '->addValue' must point to class/struct/union/generic type
                 type is 'unknown-type'
     1>d:\users\dragonpaulz\documents\cpp_practice_2013\cpp_practice\cpp_practice\cpp_practice.cpp(111): error C2065: 'paulTree' : undeclared identifier
     1>d:\users\dragonpaulz\documents\cpp_practice_2013\cpp_practice\cpp_practice\cpp_practice.cpp(111): error C2227: left of '->addValue' must point to class/struct/union/generic type
                 type is 'unknown-type'
         array.cpp
     1>d:\users\dragonpaulz\documents\cpp_practice_2013\cpp_practice\cpp_practice\array.cpp(108): warning C4018: '<' : signed/unsigned mismatch
         Generating Code...
     1>Done Building Project "D:\Users\dragonpaulz\documents\Cpp_practice_2013\cpp_practice\cpp_practice\cpp_practice.vcxproj" (Build target(s)) -- FAILED.

Build FAILED.

Time Elapsed 00:00:04.27
